;  LST file generated by mikroListExporter - v.2.0 
; Date/Time: 3/21/2021 1:01:37 PM
;----------------------------------------------

;Address Opcode 	ASM
0x0000	0x2803      	GOTO       3
_main:
;LED_Flasher.c,12 :: 		void main() {
;LED_Flasher.c,13 :: 		trisd.b7 = 0;
0x0003	0x1683      	BSF        STATUS, 5
0x0004	0x1303      	BCF        STATUS, 6
0x0005	0x1388      	BCF        TRISD, 7
;LED_Flasher.c,14 :: 		LED = 1;
0x0006	0x1283      	BCF        STATUS, 5
0x0007	0x1788      	BSF        PORTD, 7
;LED_Flasher.c,16 :: 		while(1) {
L_main0:
;LED_Flasher.c,17 :: 		LED = ~LED;
0x0008	0x3080      	MOVLW      128
0x0009	0x0688      	XORWF      PORTD, 1
;LED_Flasher.c,18 :: 		delay_ms(DELAY);
0x000A	0x3006      	MOVLW      6
0x000B	0x00FB      	MOVWF      R11
0x000C	0x3013      	MOVLW      19
0x000D	0x00FC      	MOVWF      R12
0x000E	0x30AD      	MOVLW      173
0x000F	0x00FD      	MOVWF      R13
L_main2:
0x0010	0x0BFD      	DECFSZ     R13, 1
0x0011	0x2810      	GOTO       L_main2
0x0012	0x0BFC      	DECFSZ     R12, 1
0x0013	0x2810      	GOTO       L_main2
0x0014	0x0BFB      	DECFSZ     R11, 1
0x0015	0x2810      	GOTO       L_main2
0x0016	0x0000      	NOP
0x0017	0x0000      	NOP
;LED_Flasher.c,19 :: 		}
0x0018	0x2808      	GOTO       L_main0
;LED_Flasher.c,20 :: 		}
L_end_main:
0x0019	0x2819      	GOTO       $+0
; end of _main
Symbol List:
//** Routines locations **
//ADDRESS    SIZE    PROCEDURE
//----------------------------------------------
0x0003      [23]    _main
//** Variables locations ** 
//ADDRESS    SIZE    VARIABLE
//----------------------------------------------
0x0000       [1]    INDF
0x0003       [1]    STATUS
0x0004       [1]    FSR
0x0008       [0]    LED
0x0008       [1]    PORTD
0x000A       [1]    PCLATH
0x0020       [2]    ___DoICPAddr
0x0070       [1]    R0
0x0071       [1]    R1
0x0072       [1]    R2
0x0073       [1]    R3
0x0074       [1]    R4
0x0075       [1]    R5
0x0076       [1]    R6
0x0077       [1]    R7
0x0078       [1]    R8
0x0079       [1]    R9
0x007A       [1]    R10
0x007B       [1]    R11
0x007C       [1]    R12
0x007D       [1]    R13
0x007E       [1]    R14
0x007F       [1]    R15
0x0088       [1]    TRISD
